<?xml version="1.0" encoding="UTF-8"?>
<testsuite name="ConsumerTest" tests="1" skipped="0" failures="0" errors="0" timestamp="2021-07-29T14:07:07" hostname="DESKTOP-AMUI0K5" time="0.314">
  <properties/>
  <testcase name="singleValueInQueue()" classname="ConsumerTest" time="0.314"/>
  <system-out><![CDATA[]]></system-out>
  <system-err><![CDATA[]]></system-err>
</testsuite>
